C51 COMPILER V9.60.0.0   PROJECT_3                                                         09/22/2023 09:55:20 PAGE 1   


C51 COMPILER V9.60.0.0, COMPILATION OF MODULE PROJECT_3
OBJECT MODULE PLACED IN .\Objects\project_3.obj
COMPILER INVOKED BY: C:\Keil_v5\C51\BIN\C51.EXE project_3.c OPTIMIZE(8,SPEED) BROWSE DEBUG OBJECTEXTEND PRINT(.\Listings
                    -\project_3.lst) TABS(2) OBJECT(.\Objects\project_3.obj)

line level    source

   1          #include <reg51.h>
   2          #include<intrins.h>
   3          #define uchar unsigned char
   4          #define uint unsigned int
   5          uchar led;
   6          void delay(uint i)
   7          {
   8   1          uchar t;
   9   1          while(i--)
  10   1          {
  11   2              for(t=0;t<120;t++);
  12   2          }
  13   1      }
  14          
  15          void main()
  16          {
  17   1          while(1)
  18   1          {
  19   2             uchar temp;
  20   2               P1 =0xff;
  21   2               temp = P1&0xf0;
  22   2               temp = temp >>4;
  23   2               P1 = temp;
  24   2               delay(500);
  25   2             
  26   2          }
  27   1      }


MODULE INFORMATION:   STATIC OVERLAYABLE
   CODE SIZE        =     51    ----
   CONSTANT SIZE    =   ----    ----
   XDATA SIZE       =   ----    ----
   PDATA SIZE       =   ----    ----
   DATA SIZE        =      1       1
   IDATA SIZE       =   ----    ----
   BIT SIZE         =   ----    ----
END OF MODULE INFORMATION.


C51 COMPILATION COMPLETE.  0 WARNING(S),  0 ERROR(S)
