C51 COMPILER V9.60.0.0   EXP3                                                              10/21/2023 10:41:01 PAGE 1   


C51 COMPILER V9.60.0.0, COMPILATION OF MODULE EXP3
OBJECT MODULE PLACED IN .\Objects\exp3.obj
COMPILER INVOKED BY: C:\Keil_v5\C51\BIN\C51.EXE exp3.c OPTIMIZE(8,SPEED) BROWSE DEBUG OBJECTEXTEND PRINT(.\Listings\exp3
                    -.lst) TABS(2) OBJECT(.\Objects\exp3.obj)

line level    source

   1          #include<reg52.h>
   2          #define uchar unsigned char
   3          uchar i=100;
   4          void main()
   5          {
   6   1        TMOD=0x01;
   7   1        TH0=0xee;
   8   1        TL0=0x00;
   9   1        P2=0x00;
  10   1        EA=1;
  11   1        ET0=1;
  12   1        TR0=1;
  13   1        while(1)
  14   1        {;}
  15   1      }
  16          void timer0 () interrupt 1
  17          {
  18   1        TH0=0xee;
  19   1        TL0=0x00;
  20   1        i++;
  21   1        if(i>=200)
  22   1        {
  23   2          P2=~P2;
  24   2          i=0;
  25   2        }
  26   1      }


MODULE INFORMATION:   STATIC OVERLAYABLE
   CODE SIZE        =     53    ----
   CONSTANT SIZE    =   ----    ----
   XDATA SIZE       =   ----    ----
   PDATA SIZE       =   ----    ----
   DATA SIZE        =      1    ----
   IDATA SIZE       =   ----    ----
   BIT SIZE         =   ----    ----
END OF MODULE INFORMATION.


C51 COMPILATION COMPLETE.  0 WARNING(S),  0 ERROR(S)
