C51 COMPILER V9.60.0.0   EXP2                                                              10/21/2023 10:32:56 PAGE 1   


C51 COMPILER V9.60.0.0, COMPILATION OF MODULE EXP2
OBJECT MODULE PLACED IN .\Objects\exp2.obj
COMPILER INVOKED BY: C:\Keil_v5\C51\BIN\C51.EXE exp2.c OPTIMIZE(8,SPEED) BROWSE DEBUG OBJECTEXTEND PRINT(.\Listings\exp2
                    -.lst) TABS(2) OBJECT(.\Objects\exp2.obj)

line level    source

   1          #include <reg51.h>
   2          #define uchar unsigned char
   3          
   4          void Delay(unsigned int i)
   5          {
   6   1          unsigned int j;
   7   1          for (; i > 0; i--)
   8   1          {
   9   2              for (j = 0; j < 333; j++)
  10   2              {
  11   3                  ;
  12   3              }
  13   2          }
  14   1      }
  15          
  16          void main()
  17          {
  18   1          EA = 1;
  19   1          EX1 = 1;
  20   1          IT1 = 1;
  21   1          while (1)
  22   1          {
  23   2              P2 = 0;
  24   2          }
  25   1      }
  26          
  27          void int1() interrupt 2 using 0
  28          {
  29   1          uchar m;
  30   1          EX1 = 0;
  31   1          for (m = 0; m < 5; m++)
  32   1          {
  33   2              P2 = 0xFF;
  34   2              Delay(400);
  35   2              P2 = 0x00;
  36   2              Delay(400);
  37   2          }
  38   1          EX1 = 1;
  39   1      }
  40          


MODULE INFORMATION:   STATIC OVERLAYABLE
   CODE SIZE        =     93    ----
   CONSTANT SIZE    =   ----    ----
   XDATA SIZE       =   ----    ----
   PDATA SIZE       =   ----    ----
   DATA SIZE        =   ----    ----
   IDATA SIZE       =   ----    ----
   BIT SIZE         =   ----    ----
END OF MODULE INFORMATION.


C51 COMPILATION COMPLETE.  0 WARNING(S),  0 ERROR(S)
