C51 COMPILER V9.60.0.0   ______                                                            10/21/2023 09:36:28 PAGE 1   


C51 COMPILER V9.60.0.0, COMPILATION OF MODULE ______
OBJECT MODULE PLACED IN .\Objects\流水灯.obj
COMPILER INVOKED BY: C:\Keil_v5\C51\BIN\C51.EXE 流水灯.c OPTIMIZE(8,SPEED) BROWSE DEBUG OBJECTEXTEND PRINT(.\Listings\流
                    -水灯.lst) TABS(2) OBJECT(.\Objects\流水灯.obj)

line level    source

   1          #include <reg52.h>
   2          #include <intrins.h>
   3          #define uchar unsigned char
   4          #define uint unsigned int
   5           void delay(uint i)
   6           {
   7   1        uchar t;
   8   1        while(i--)
   9   1        {
  10   2         for(t=0;t<120;t++);
  11   2        }
  12   1       }
  13           void main()
  14           {
  15   1        P2=0xfe;
  16   1        while(1)
  17   1        {
  18   2         delay(500);
  19   2         P2=_crol_(P2,1);
  20   2        }
  21   1       }


MODULE INFORMATION:   STATIC OVERLAYABLE
   CODE SIZE        =     51    ----
   CONSTANT SIZE    =   ----    ----
   XDATA SIZE       =   ----    ----
   PDATA SIZE       =   ----    ----
   DATA SIZE        =   ----    ----
   IDATA SIZE       =   ----    ----
   BIT SIZE         =   ----    ----
END OF MODULE INFORMATION.


C51 COMPILATION COMPLETE.  0 WARNING(S),  0 ERROR(S)
